<!DOCTYPE html>
<html>
  <head>
    <meta charset="utf-8"/>
    <title>Test Report</title>
    <link href="assets/style.css" rel="stylesheet" type="text/css"/></head>
  <body onLoad="init()">
    <script>/* This Source Code Form is subject to the terms of the Mozilla Public
 * License, v. 2.0. If a copy of the MPL was not distributed with this file,
 * You can obtain one at http://mozilla.org/MPL/2.0/. */


function toArray(iter) {
    if (iter === null) {
        return null;
    }
    return Array.prototype.slice.call(iter);
}

function find(selector, elem) { // eslint-disable-line no-redeclare
    if (!elem) {
        elem = document;
    }
    return elem.querySelector(selector);
}

function findAll(selector, elem) {
    if (!elem) {
        elem = document;
    }
    return toArray(elem.querySelectorAll(selector));
}

function sortColumn(elem) {
    toggleSortStates(elem);
    const colIndex = toArray(elem.parentNode.childNodes).indexOf(elem);
    let key;
    if (elem.classList.contains('result')) {
        key = keyResult;
    } else if (elem.classList.contains('links')) {
        key = keyLink;
    } else {
        key = keyAlpha;
    }
    sortTable(elem, key(colIndex));
}

function showAllExtras() { // eslint-disable-line no-unused-vars
    findAll('.col-result').forEach(showExtras);
}

function hideAllExtras() { // eslint-disable-line no-unused-vars
    findAll('.col-result').forEach(hideExtras);
}

function showExtras(colresultElem) {
    const extras = colresultElem.parentNode.nextElementSibling;
    const expandcollapse = colresultElem.firstElementChild;
    extras.classList.remove('collapsed');
    expandcollapse.classList.remove('expander');
    expandcollapse.classList.add('collapser');
}

function hideExtras(colresultElem) {
    const extras = colresultElem.parentNode.nextElementSibling;
    const expandcollapse = colresultElem.firstElementChild;
    extras.classList.add('collapsed');
    expandcollapse.classList.remove('collapser');
    expandcollapse.classList.add('expander');
}

function showFilters() {
    const filterItems = document.getElementsByClassName('filter');
    for (let i = 0; i < filterItems.length; i++)
        filterItems[i].hidden = false;
}

function addCollapse() {
    // Add links for show/hide all
    const resulttable = find('table#results-table');
    const showhideall = document.createElement('p');
    showhideall.innerHTML = '<a href="javascript:showAllExtras()">Show all details</a> / ' +
                            '<a href="javascript:hideAllExtras()">Hide all details</a>';
    resulttable.parentElement.insertBefore(showhideall, resulttable);

    // Add show/hide link to each result
    findAll('.col-result').forEach(function(elem) {
        const collapsed = getQueryParameter('collapsed') || 'Passed';
        const extras = elem.parentNode.nextElementSibling;
        const expandcollapse = document.createElement('span');
        if (extras.classList.contains('collapsed')) {
            expandcollapse.classList.add('expander');
        } else if (collapsed.includes(elem.innerHTML)) {
            extras.classList.add('collapsed');
            expandcollapse.classList.add('expander');
        } else {
            expandcollapse.classList.add('collapser');
        }
        elem.appendChild(expandcollapse);

        elem.addEventListener('click', function(event) {
            if (event.currentTarget.parentNode.nextElementSibling.classList.contains('collapsed')) {
                showExtras(event.currentTarget);
            } else {
                hideExtras(event.currentTarget);
            }
        });
    });
}

function getQueryParameter(name) {
    const match = RegExp('[?&]' + name + '=([^&]*)').exec(window.location.search);
    return match && decodeURIComponent(match[1].replace(/\+/g, ' '));
}

function init () { // eslint-disable-line no-unused-vars
    resetSortHeaders();

    addCollapse();

    showFilters();

    sortColumn(find('.initial-sort'));

    findAll('.sortable').forEach(function(elem) {
        elem.addEventListener('click',
            function() {
                sortColumn(elem);
            }, false);
    });
}

function sortTable(clicked, keyFunc) {
    const rows = findAll('.results-table-row');
    const reversed = !clicked.classList.contains('asc');
    const sortedRows = sort(rows, keyFunc, reversed);
    /* Whole table is removed here because browsers acts much slower
     * when appending existing elements.
     */
    const thead = document.getElementById('results-table-head');
    document.getElementById('results-table').remove();
    const parent = document.createElement('table');
    parent.id = 'results-table';
    parent.appendChild(thead);
    sortedRows.forEach(function(elem) {
        parent.appendChild(elem);
    });
    document.getElementsByTagName('BODY')[0].appendChild(parent);
}

function sort(items, keyFunc, reversed) {
    const sortArray = items.map(function(item, i) {
        return [keyFunc(item), i];
    });

    sortArray.sort(function(a, b) {
        const keyA = a[0];
        const keyB = b[0];

        if (keyA == keyB) return 0;

        if (reversed) {
            return keyA < keyB ? 1 : -1;
        } else {
            return keyA > keyB ? 1 : -1;
        }
    });

    return sortArray.map(function(item) {
        const index = item[1];
        return items[index];
    });
}

function keyAlpha(colIndex) {
    return function(elem) {
        return elem.childNodes[1].childNodes[colIndex].firstChild.data.toLowerCase();
    };
}

function keyLink(colIndex) {
    return function(elem) {
        const dataCell = elem.childNodes[1].childNodes[colIndex].firstChild;
        return dataCell == null ? '' : dataCell.innerText.toLowerCase();
    };
}

function keyResult(colIndex) {
    return function(elem) {
        const strings = ['Error', 'Failed', 'Rerun', 'XFailed', 'XPassed',
            'Skipped', 'Passed'];
        return strings.indexOf(elem.childNodes[1].childNodes[colIndex].firstChild.data);
    };
}

function resetSortHeaders() {
    findAll('.sort-icon').forEach(function(elem) {
        elem.parentNode.removeChild(elem);
    });
    findAll('.sortable').forEach(function(elem) {
        const icon = document.createElement('div');
        icon.className = 'sort-icon';
        icon.textContent = 'vvv';
        elem.insertBefore(icon, elem.firstChild);
        elem.classList.remove('desc', 'active');
        elem.classList.add('asc', 'inactive');
    });
}

function toggleSortStates(elem) {
    //if active, toggle between asc and desc
    if (elem.classList.contains('active')) {
        elem.classList.toggle('asc');
        elem.classList.toggle('desc');
    }

    //if inactive, reset all other functions and add ascending active
    if (elem.classList.contains('inactive')) {
        resetSortHeaders();
        elem.classList.remove('inactive');
        elem.classList.add('active');
    }
}

function isAllRowsHidden(value) {
    return value.hidden == false;
}

function filterTable(elem) { // eslint-disable-line no-unused-vars
    const outcomeAtt = 'data-test-result';
    const outcome = elem.getAttribute(outcomeAtt);
    const classOutcome = outcome + ' results-table-row';
    const outcomeRows = document.getElementsByClassName(classOutcome);

    for(let i = 0; i < outcomeRows.length; i++){
        outcomeRows[i].hidden = !elem.checked;
    }

    const rows = findAll('.results-table-row').filter(isAllRowsHidden);
    const allRowsHidden = rows.length == 0 ? true : false;
    const notFoundMessage = document.getElementById('not-found-message');
    notFoundMessage.hidden = !allRowsHidden;
}
</script>
    <h1>report1.html</h1>
    <p>Report generated on 13-Feb-2021 at 15:59:06 by <a href="https://pypi.python.org/pypi/pytest-html">pytest-html</a> v3.1.1</p>
    <h2>Environment</h2>
    <table id="environment">
      <tr>
        <td>Packages</td>
        <td>{"pluggy": "0.13.1", "py": "1.10.0", "pytest": "6.2.2"}</td></tr>
      <tr>
        <td>Platform</td>
        <td>Windows-10-10.0.19041-SP0</td></tr>
      <tr>
        <td>Plugins</td>
        <td>{"cov": "2.11.1", "html": "3.1.1", "metadata": "1.11.0"}</td></tr>
      <tr>
        <td>Python</td>
        <td>3.9.1</td></tr></table>
    <h2>Summary</h2>
    <p>3 tests ran in 58.86 seconds. </p>
    <p class="filter" hidden="true">(Un)check the boxes to filter the results.</p><input checked="true" class="filter" data-test-result="passed" hidden="true" name="filter_checkbox" onChange="filterTable(this)" type="checkbox"/><span class="passed">2 passed</span>, <input checked="true" class="filter" data-test-result="skipped" disabled="true" hidden="true" name="filter_checkbox" onChange="filterTable(this)" type="checkbox"/><span class="skipped">0 skipped</span>, <input checked="true" class="filter" data-test-result="failed" hidden="true" name="filter_checkbox" onChange="filterTable(this)" type="checkbox"/><span class="failed">1 failed</span>, <input checked="true" class="filter" data-test-result="error" disabled="true" hidden="true" name="filter_checkbox" onChange="filterTable(this)" type="checkbox"/><span class="error">0 errors</span>, <input checked="true" class="filter" data-test-result="xfailed" disabled="true" hidden="true" name="filter_checkbox" onChange="filterTable(this)" type="checkbox"/><span class="xfailed">0 expected failures</span>, <input checked="true" class="filter" data-test-result="xpassed" disabled="true" hidden="true" name="filter_checkbox" onChange="filterTable(this)" type="checkbox"/><span class="xpassed">0 unexpected passes</span>
    <h2>Results</h2>
    <table id="results-table">
      <thead id="results-table-head">
        <tr>
          <th class="sortable result initial-sort" col="result">Result</th>
          <th class="sortable" col="name">Test</th>
          <th class="sortable" col="duration">Duration</th>
          <th class="sortable links" col="links">Links</th></tr>
        <tr hidden="true" id="not-found-message">
          <th colspan="4">No results found. Try to check the filters</th></tr></thead>
      <tbody class="failed results-table-row">
        <tr>
          <td class="col-result">Failed</td>
          <td class="col-name">Tests/test_TieBarsPriceSumAndCompare.py::Test_TieBarsPriceSumAndCompare::test_tie_bars_price_size_sum_compare[chrome]</td>
          <td class="col-duration">20.68</td>
          <td class="col-links"></td></tr>
        <tr>
          <td class="extra" colspan="4">
            <div class="log">self = &lt;Tests.test_TieBarsPriceSumAndCompare.Test_TieBarsPriceSumAndCompare object at 0x00000260333FD220&gt;<br/><br/>    def test_tie_bars_price_size_sum_compare(self):<br/>    <br/>        # open tie bars page<br/>        home_page = HomePage(self.driver)<br/>        tie_bars_page = home_page.open_tie_bars_page()<br/>    <br/>        # get all tie bars products price sum<br/>        sum_price = tie_bars_page.get_tie_bars_price_sum()<br/>        L.logging.info(f&#x27;Tie Bars price sum is: {sum_price}&#x27;)<br/>    <br/>        # compare products sum price<br/>&gt;       H.assert_test(sum_price &lt; self.price_to_compare,<br/>                    f&#x27;Tie Bars price sum should be higher than: {self.price_to_compare}, actual price sum is: {sum_price}&#x27;)<br/><br/>Tests\test_TieBarsPriceSumAndCompare.py:21: <br/>_ _ _ _ _ _ _ _ _ _ _ _ _ _ _ _ _ _ _ _ _ _ _ _ _ _ _ _ _ _ _ _ _ _ _ _ _ _ _ _ <br/><br/>condition = False, fail_str = &#x27;Tie Bars price sum should be higher than: 20, actual price sum is: 252&#x27;, success_str = &#x27;*******Completed successfully*******&#x27;<br/><br/>    def assert_test(condition, fail_str, success_str = &quot;*******Completed successfully*******&quot;):<br/>&gt;       assert condition, L.logging.error(fail_str)<br/><span class="error">E       AssertionError: None</span><br/><br/>Utilities\Helper.py:6: AssertionError<br/> -------------------------------Captured log setup------------------------------- <br/>INFO     root:conftest.py:27 Test &#x27;Tests/test_TieBarsPriceSumAndCompare.py::Test_TieBarsPriceSumAndCompare&#x27; STARTED
INFO     root:conftest.py:18 Navigate to Main page<br/> -------------------------------Captured log call-------------------------------- <br/>INFO     root:HomePage.py:34 Open Tie Bars Page
INFO     root:test_TieBarsPriceSumAndCompare.py:18 Tie Bars price sum is: 252
ERROR    root:Helper.py:6 Tie Bars price sum should be higher than: 20, actual price sum is: 252
ERROR    root:conftest.py:39 pytest_runtest_call caught exception:
Traceback (most recent call last):
  File &quot;C:\Users\roxy.kvarman\PycharmProjects\SkinnyTies\Tests\conftest.py&quot;, line 35, in pytest_runtest_call
    __multicall__.execute()
  File &quot;c:\users\roxy.kvarman\pycharmprojects\skinnyties\venv\lib\site-packages\pluggy\callers.py&quot;, line 135, in execute
    res = hook_impl.function(*args)
  File &quot;c:\users\roxy.kvarman\pycharmprojects\skinnyties\venv\lib\site-packages\_pytest\runner.py&quot;, line 170, in pytest_runtest_call
    raise e
  File &quot;c:\users\roxy.kvarman\pycharmprojects\skinnyties\venv\lib\site-packages\_pytest\runner.py&quot;, line 162, in pytest_runtest_call
    item.runtest()
  File &quot;c:\users\roxy.kvarman\pycharmprojects\skinnyties\venv\lib\site-packages\_pytest\python.py&quot;, line 1641, in runtest
    self.ihook.pytest_pyfunc_call(pyfuncitem=self)
  File &quot;c:\users\roxy.kvarman\pycharmprojects\skinnyties\venv\lib\site-packages\pluggy\hooks.py&quot;, line 286, in __call__
    return self._hookexec(self, self.get_hookimpls(), kwargs)
  File &quot;c:\users\roxy.kvarman\pycharmprojects\skinnyties\venv\lib\site-packages\pluggy\manager.py&quot;, line 93, in _hookexec
    return self._inner_hookexec(hook, methods, kwargs)
  File &quot;c:\users\roxy.kvarman\pycharmprojects\skinnyties\venv\lib\site-packages\pluggy\manager.py&quot;, line 84, in &lt;lambda&gt;
    self._inner_hookexec = lambda hook, methods, kwargs: hook.multicall(
  File &quot;c:\users\roxy.kvarman\pycharmprojects\skinnyties\venv\lib\site-packages\pluggy\callers.py&quot;, line 208, in _multicall
    return outcome.get_result()
  File &quot;c:\users\roxy.kvarman\pycharmprojects\skinnyties\venv\lib\site-packages\pluggy\callers.py&quot;, line 80, in get_result
    raise ex[1].with_traceback(ex[2])
  File &quot;c:\users\roxy.kvarman\pycharmprojects\skinnyties\venv\lib\site-packages\pluggy\callers.py&quot;, line 187, in _multicall
    res = hook_impl.function(*args)
  File &quot;c:\users\roxy.kvarman\pycharmprojects\skinnyties\venv\lib\site-packages\_pytest\python.py&quot;, line 183, in pytest_pyfunc_call
    result = testfunction(**testargs)
  File &quot;C:\Users\roxy.kvarman\PycharmProjects\SkinnyTies\Tests\test_TieBarsPriceSumAndCompare.py&quot;, line 21, in test_tie_bars_price_size_sum_compare
    H.assert_test(sum_price &lt; self.price_to_compare,
  File &quot;C:\Users\roxy.kvarman\PycharmProjects\SkinnyTies\Utilities\Helper.py&quot;, line 6, in assert_test
    assert condition, L.logging.error(fail_str)
AssertionError: None<br/> -----------------------------Captured log teardown------------------------------ <br/>INFO     root:conftest.py:29 Test &#x27;Tests/test_TieBarsPriceSumAndCompare.py::Test_TieBarsPriceSumAndCompare&#x27; COMPLETED<br/></div></td></tr></tbody>
      <tbody class="passed results-table-row">
        <tr>
          <td class="col-result">Passed</td>
          <td class="col-name">Tests/test_ProductDescriptionAndPrice.py::Test_ProductDescriptionAndPrice::test_get_product_description_and_compare_price[chrome]</td>
          <td class="col-duration">19.61</td>
          <td class="col-links"></td></tr>
        <tr>
          <td class="extra" colspan="4">
            <div class="log"> -------------------------------Captured log setup------------------------------- <br/>INFO     root:conftest.py:27 Test &#x27;Tests/test_ProductDescriptionAndPrice.py::Test_ProductDescriptionAndPrice&#x27; STARTED
INFO     root:conftest.py:18 Navigate to Main page<br/> -------------------------------Captured log call-------------------------------- <br/>INFO     root:HomePage.py:17 Open Product Page
INFO     root:test_ProductDescriptionAndPrice.py:22 Product: Black Poplin Skinny Tie - description: This is a two and a half inch black poplin cotton/polyester blend skinny tie
INFO     root:test_ProductDescriptionAndPrice.py:23 Product: Black Poplin Skinny Tie - price: 20
INFO     root:Helper.py:7 *******Completed successfully*******<br/> -----------------------------Captured log teardown------------------------------ <br/>INFO     root:conftest.py:29 Test &#x27;Tests/test_ProductDescriptionAndPrice.py::Test_ProductDescriptionAndPrice&#x27; COMPLETED<br/></div></td></tr></tbody>
      <tbody class="passed results-table-row">
        <tr>
          <td class="col-result">Passed</td>
          <td class="col-name">Tests/test_RetroProductsSizeSumAndCompare.py::Test_RetroProductsSizeSumAndCompare::test_retro_products_size_sum_compare[chrome]</td>
          <td class="col-duration">17.63</td>
          <td class="col-links"></td></tr>
        <tr>
          <td class="extra" colspan="4">
            <div class="log"> -------------------------------Captured log setup------------------------------- <br/>INFO     root:conftest.py:27 Test &#x27;Tests/test_RetroProductsSizeSumAndCompare.py::Test_RetroProductsSizeSumAndCompare&#x27; STARTED
INFO     root:conftest.py:18 Navigate to Main page<br/> -------------------------------Captured log call-------------------------------- <br/>INFO     root:HomePage.py:24 Open Retro Page
INFO     root:test_RetroProductsSizeSumAndCompare.py:18 Retro page products sum size: 5.0
INFO     root:Helper.py:7 *******Completed successfully*******<br/> -----------------------------Captured log teardown------------------------------ <br/>INFO     root:conftest.py:29 Test &#x27;Tests/test_RetroProductsSizeSumAndCompare.py::Test_RetroProductsSizeSumAndCompare&#x27; COMPLETED<br/></div></td></tr></tbody></table></body></html>